Using pre-set license
Built from '2021.1/staging' branch; Version is '2021.1.15f1 (e767a7370072) revision 15165351'; Using compiler version '192528614'; Build Type 'Release'
OS: 'Windows 10 Home; OS build 19045.4046; Version 2009; 64bit' Language: 'en' Physical Memory: 16318 MB
BatchMode: 1, IsHumanControllingUs: 0, StartBugReporterOnCrash: 0, Is64bit: 1, IsPro: 0

 COMMAND LINE ARGUMENTS:
C:\Users\sebas\OneDrive\Desktop\School_Uni\COMP30019\2021.1.15f1\Editor\Unity.exe
-adb2
-batchMode
-noUpm
-name
AssetImportWorker1
-projectPath
C:/Users/sebas/OneDrive/Desktop/PokeProject/Pokemon Sim
-logFile
Logs/AssetImportWorker1.log
-srvPort
57188
Successfully changed project path to: C:/Users/sebas/OneDrive/Desktop/PokeProject/Pokemon Sim
C:/Users/sebas/OneDrive/Desktop/PokeProject/Pokemon Sim
Using Asset Import Pipeline V2.
Refreshing native plugins compatible for Editor in 111.77 ms, found 4 plugins.
Preloading 0 native plugins for Editor in 0.00 ms.
Initialize engine version: 2021.1.15f1 (e767a7370072)
[Subsystems] Discovering subsystems at path C:/Users/sebas/OneDrive/Desktop/School_Uni/COMP30019/2021.1.15f1/Editor/Data/Resources/UnitySubsystems
[Subsystems] Discovering subsystems at path C:/Users/sebas/OneDrive/Desktop/PokeProject/Pokemon Sim/Assets
GfxDevice: creating device client; threaded=0; jobified=0
Direct3D:
    Version:  Direct3D 11.0 [level 11.1]
    Renderer: NVIDIA GeForce GTX 1660 Ti (ID=0x2182)
    Vendor:   NVIDIA
    VRAM:     5979 MB
    Driver:   31.0.15.4665
Initialize mono
Mono path[0] = 'C:/Users/sebas/OneDrive/Desktop/School_Uni/COMP30019/2021.1.15f1/Editor/Data/Managed'
Mono path[1] = 'C:/Users/sebas/OneDrive/Desktop/School_Uni/COMP30019/2021.1.15f1/Editor/Data/MonoBleedingEdge/lib/mono/unityjit'
Mono config path = 'C:/Users/sebas/OneDrive/Desktop/School_Uni/COMP30019/2021.1.15f1/Editor/Data/MonoBleedingEdge/etc'
Using monoOptions --debugger-agent=transport=dt_socket,embedding=1,server=y,suspend=n,address=127.0.0.1:56868
Begin MonoManager ReloadAssembly
Registering precompiled unity dll's ...
Register platform support module: C:/Users/sebas/OneDrive/Desktop/School_Uni/COMP30019/2021.1.15f1/Editor/Data/PlaybackEngines/WindowsStandaloneSupport/UnityEditor.WindowsStandalone.Extensions.dll
Registered in 0.002948 seconds.
Native extension for WindowsStandalone target not found
Refreshing native plugins compatible for Editor in 143.58 ms, found 4 plugins.
Preloading 0 native plugins for Editor in 0.00 ms.
Mono: successfully reloaded assembly
- Completed reload, in  1.476 seconds
Domain Reload Profiling:
	ReloadAssembly (1476ms)
		BeginReloadAssembly (64ms)
			ExecutionOrderSort (0ms)
			DisableScriptedObjects (0ms)
			BackupInstance (0ms)
			ReleaseScriptingObjects (0ms)
			CreateAndSetChildDomain (1ms)
		EndReloadAssembly (541ms)
			LoadAssemblies (60ms)
			RebuildTransferFunctionScriptingTraits (0ms)
			SetupTypeCache (166ms)
			ReleaseScriptCaches (0ms)
			RebuildScriptCaches (32ms)
			SetupLoadedEditorAssemblies (292ms)
				LogAssemblyErrors (0ms)
				InitializePlatformSupportModulesInManaged (6ms)
				SetLoadedEditorAssemblies (0ms)
				RefreshPlugins (144ms)
				BeforeProcessingInitializeOnLoad (1ms)
				ProcessInitializeOnLoadAttributes (108ms)
				ProcessInitializeOnLoadMethodAttributes (32ms)
				AfterProcessingInitializeOnLoad (0ms)
				EditorAssembliesLoaded (0ms)
			ExecutionOrderSort2 (0ms)
			AwakeInstancesAfterBackupRestoration (0ms)
Platform modules already initialized, skipping
Registering precompiled user dll's ...
Registered in 0.010565 seconds.
Begin MonoManager ReloadAssembly
Symbol file LoadedFromMemory doesn't match image C:\Users\sebas\OneDrive\Desktop\PokeProject\Pokemon Sim\Library\PackageCache\com.unity.visualscripting@1.6.1\Editor\VisualScripting.Core\Dependencies\YamlDotNet\Unity.VisualScripting.YamlDotNet.dll
Symbol file LoadedFromMemory doesn't match image C:\Users\sebas\OneDrive\Desktop\PokeProject\Pokemon Sim\Library\PackageCache\com.unity.visualscripting@1.6.1\Editor\VisualScripting.Core\Dependencies\DotNetZip\Unity.VisualScripting.IonicZip.dll
Native extension for WindowsStandalone target not found
Refreshing native plugins compatible for Editor in 110.13 ms, found 4 plugins.
Preloading 0 native plugins for Editor in 0.00 ms.
Mono: successfully reloaded assembly
- Completed reload, in  3.534 seconds
Domain Reload Profiling:
	ReloadAssembly (3535ms)
		BeginReloadAssembly (158ms)
			ExecutionOrderSort (0ms)
			DisableScriptedObjects (5ms)
			BackupInstance (0ms)
			ReleaseScriptingObjects (0ms)
			CreateAndSetChildDomain (20ms)
		EndReloadAssembly (3307ms)
			LoadAssemblies (1036ms)
			RebuildTransferFunctionScriptingTraits (0ms)
			SetupTypeCache (1335ms)
			ReleaseScriptCaches (1ms)
			RebuildScriptCaches (59ms)
			SetupLoadedEditorAssemblies (771ms)
				LogAssemblyErrors (0ms)
				InitializePlatformSupportModulesInManaged (4ms)
				SetLoadedEditorAssemblies (0ms)
				RefreshPlugins (110ms)
				BeforeProcessingInitializeOnLoad (121ms)
				ProcessInitializeOnLoadAttributes (506ms)
				ProcessInitializeOnLoadMethodAttributes (18ms)
				AfterProcessingInitializeOnLoad (11ms)
				EditorAssembliesLoaded (0ms)
			ExecutionOrderSort2 (0ms)
			AwakeInstancesAfterBackupRestoration (7ms)
Platform modules already initialized, skipping
========================================================================
Worker process is ready to serve import requests
Launched and connected shader compiler UnityShaderCompiler.exe after 0.09 seconds
Refreshing native plugins compatible for Editor in 0.77 ms, found 4 plugins.
Preloading 0 native plugins for Editor in 0.00 ms.
Unloading 3694 Unused Serialized files (Serialized files now loaded: 0)
System memory in use before: 137.0 MB.
System memory in use after: 137.2 MB.

Unloading 36 unused Assets to reduce memory usage. Loaded Objects now: 4146.
Total: 3.023300 ms (FindLiveObjects: 0.288100 ms CreateObjectMapping: 0.186400 ms MarkObjects: 2.450700 ms  DeleteObjects: 0.096600 ms)

AssetImportParameters requested are different than current active one (requested -> active):
  custom:framework-win-MediaFoundation: 216162199b28c13a410421893ffa2e32 -> 
  custom:video-decoder-ogg-theora: a1e56fd34408186e4bbccfd4996cb3dc -> 
  custom:container-muxer-webm: aa71ff27fc2769a1b78a27578f13a17b -> 
  custom:container-demuxer-webm: 4f35f7cbe854078d1ac9338744f61a02 -> 
  custom:container-demuxer-ogg: 62fdf1f143b41e24485cea50d1cbac27 -> 
  custom:video-encoder-webm-vp8: eb34c28f22e8b96e1ab97ce403110664 -> 
  custom:video-decoder-webm-vp8: 9c59270c3fd7afecdb556c50c9e8de78 -> 
  custom:audio-decoder-ogg-vorbis: bf7c407c2cedff20999df2af8eb42d56 -> 
  custom:audio-encoder-webm-vorbis: bf7c407c2cedff20999df2af8eb42d56 -> 
========================================================================
Received Import Request.
  path: Assets/Art/PokemonSprites/Fronts/821f.png
  artifactKey: Guid(7b5618c66d9d64e48b741fff5ba25001) Importer(815301076,1909f56bfc062723c751e8b465ee728b)
Start importing Assets/Art/PokemonSprites/Fronts/821f.png using Guid(7b5618c66d9d64e48b741fff5ba25001) Importer(815301076,1909f56bfc062723c751e8b465ee728b)  -> (artifact id: '87bf08165b06beeeaa22ddd152c53317') in 0.169769 seconds 
========================================================================
Received Import Request.
  Time since last request: 0.000322 seconds.
  path: Assets/Art/PokemonSprites/Backs/821b (2).png
  artifactKey: Guid(83e2510180be58e4aadad5e4a77ca9ad) Importer(815301076,1909f56bfc062723c751e8b465ee728b)
Start importing Assets/Art/PokemonSprites/Backs/821b (2).png using Guid(83e2510180be58e4aadad5e4a77ca9ad) Importer(815301076,1909f56bfc062723c751e8b465ee728b)  -> (artifact id: 'f46a803071ad214dea354465045f75fb') in 0.016286 seconds 
========================================================================
Received Import Request.
  Time since last request: 3.071990 seconds.
  path: Assets/Art/PokemonSprites/Backs/821b.png
  artifactKey: Guid(83e2510180be58e4aadad5e4a77ca9ad) Importer(815301076,1909f56bfc062723c751e8b465ee728b)
Start importing Assets/Art/PokemonSprites/Backs/821b.png using Guid(83e2510180be58e4aadad5e4a77ca9ad) Importer(815301076,1909f56bfc062723c751e8b465ee728b)  -> (artifact id: '93cfd4f54ad30e63552bf0166309c696') in 0.026351 seconds 
========================================================================
Received Import Request.
  Time since last request: 7.840932 seconds.
  path: Assets/Game/Resources/Pokemon/Pokemon.asset
  artifactKey: Guid(863994686f178e341a0ef514d41cd3c3) Importer(815301076,1909f56bfc062723c751e8b465ee728b)
Start importing Assets/Game/Resources/Pokemon/Pokemon.asset using Guid(863994686f178e341a0ef514d41cd3c3) Importer(815301076,1909f56bfc062723c751e8b465ee728b)  -> (artifact id: '376968c34072c8573a926f93fde7061e') in 0.014507 seconds 
========================================================================
Received Import Request.
  Time since last request: 76.598715 seconds.
  path: Assets/Art/PokemonSprites/BoxSprites/16box.png
  artifactKey: Guid(bfe4e96bbcd5eaf4d851e6273ef53424) Importer(815301076,1909f56bfc062723c751e8b465ee728b)
Start importing Assets/Art/PokemonSprites/BoxSprites/16box.png using Guid(bfe4e96bbcd5eaf4d851e6273ef53424) Importer(815301076,1909f56bfc062723c751e8b465ee728b)  -> (artifact id: 'b6cc8e4cb0fe8915bb53fc107f996979') in 0.039505 seconds 
========================================================================
Received Import Request.
  Time since last request: 0.000299 seconds.
  path: Assets/Art/PokemonSprites/BoxSprites/860box.png
  artifactKey: Guid(0c797b6202c010d4e81d3ecb0692c25a) Importer(815301076,1909f56bfc062723c751e8b465ee728b)
Start importing Assets/Art/PokemonSprites/BoxSprites/860box.png using Guid(0c797b6202c010d4e81d3ecb0692c25a) Importer(815301076,1909f56bfc062723c751e8b465ee728b)  -> (artifact id: '6f4004a3a54fca05dc3c1817755ba51d') in 0.024778 seconds 
========================================================================
Received Import Request.
  Time since last request: 0.000227 seconds.
  path: Assets/Art/PokemonSprites/BoxSprites/822box.png
  artifactKey: Guid(f07ac5be6f38c0747aeabbd272dbb797) Importer(815301076,1909f56bfc062723c751e8b465ee728b)
Start importing Assets/Art/PokemonSprites/BoxSprites/822box.png using Guid(f07ac5be6f38c0747aeabbd272dbb797) Importer(815301076,1909f56bfc062723c751e8b465ee728b)  -> (artifact id: 'c03fb58a63b943af4b249c21ebff78e3') in 0.018895 seconds 
========================================================================
Received Import Request.
  Time since last request: 0.000260 seconds.
  path: Assets/Art/PokemonSprites/BoxSprites/821box.png
  artifactKey: Guid(a366ed813d2e96d49bcb6f103a22bad0) Importer(815301076,1909f56bfc062723c751e8b465ee728b)
Start importing Assets/Art/PokemonSprites/BoxSprites/821box.png using Guid(a366ed813d2e96d49bcb6f103a22bad0) Importer(815301076,1909f56bfc062723c751e8b465ee728b)  -> (artifact id: 'f5955265f6560d9b751d2d3efeb0d282') in 0.021035 seconds 
========================================================================
Received Import Request.
  Time since last request: 0.000291 seconds.
  path: Assets/Art/PokemonSprites/BoxSprites/17box.png
  artifactKey: Guid(32d2fdf9e3f8afa4aa91e28420c8cb16) Importer(815301076,1909f56bfc062723c751e8b465ee728b)
Start importing Assets/Art/PokemonSprites/BoxSprites/17box.png using Guid(32d2fdf9e3f8afa4aa91e28420c8cb16) Importer(815301076,1909f56bfc062723c751e8b465ee728b)  -> (artifact id: '012ba82e965e85c512bebae30eabebb1') in 0.029430 seconds 
========================================================================
Received Import Request.
  Time since last request: 0.000237 seconds.
  path: Assets/Art/PokemonSprites/BoxSprites/861box.png
  artifactKey: Guid(7491336cae76c304c9a9e9e85c611d24) Importer(815301076,1909f56bfc062723c751e8b465ee728b)
Start importing Assets/Art/PokemonSprites/BoxSprites/861box.png using Guid(7491336cae76c304c9a9e9e85c611d24) Importer(815301076,1909f56bfc062723c751e8b465ee728b)  -> (artifact id: 'b383a28b7f02e4340700250fcf1bcda8') in 0.018030 seconds 
========================================================================
Received Import Request.
  Time since last request: 0.000231 seconds.
  path: Assets/Art/PokemonSprites/BoxSprites/18box.png
  artifactKey: Guid(da5fce06e7c67284e9d278d034e45714) Importer(815301076,1909f56bfc062723c751e8b465ee728b)
Start importing Assets/Art/PokemonSprites/BoxSprites/18box.png using Guid(da5fce06e7c67284e9d278d034e45714) Importer(815301076,1909f56bfc062723c751e8b465ee728b)  -> (artifact id: '5d28cf25cf2e2af600e65a8df688fdca') in 0.025582 seconds 
========================================================================
Received Import Request.
  Time since last request: 0.000330 seconds.
  path: Assets/Art/PokemonSprites/BoxSprites/823box.png
  artifactKey: Guid(f384d7dbdc9e254409124c54667afe9b) Importer(815301076,1909f56bfc062723c751e8b465ee728b)
Start importing Assets/Art/PokemonSprites/BoxSprites/823box.png using Guid(f384d7dbdc9e254409124c54667afe9b) Importer(815301076,1909f56bfc062723c751e8b465ee728b)  -> (artifact id: '7dd16c9ca5e0013402f436e9a5035a2f') in 0.022107 seconds 
========================================================================
Received Import Request.
  Time since last request: 0.000249 seconds.
  path: Assets/Art/PokemonSprites/BoxSprites/859box.png
  artifactKey: Guid(77c99f49f53dec3409cfb52b5f249b79) Importer(815301076,1909f56bfc062723c751e8b465ee728b)
Start importing Assets/Art/PokemonSprites/BoxSprites/859box.png using Guid(77c99f49f53dec3409cfb52b5f249b79) Importer(815301076,1909f56bfc062723c751e8b465ee728b)  -> (artifact id: '948940f53a91850a565cfa445960acd0') in 0.017173 seconds 
========================================================================
Received Import Request.
  Time since last request: 35.313001 seconds.
  path: Assets/Game/Resources/Pokemon/Pokemon.asset
  artifactKey: Guid(863994686f178e341a0ef514d41cd3c3) Importer(815301076,1909f56bfc062723c751e8b465ee728b)
Start importing Assets/Game/Resources/Pokemon/Pokemon.asset using Guid(863994686f178e341a0ef514d41cd3c3) Importer(815301076,1909f56bfc062723c751e8b465ee728b)  -> (artifact id: '97ac8517d6b46c4e07346c05ee53ebed') in 0.010096 seconds 
========================================================================
Received Import Request.
  Time since last request: 249.170506 seconds.
  path: Assets/Art/PokemonSprites/gen_8_pokemon_sprites_by_leparagon_dd8o3yy.png
  artifactKey: Guid(93c42a672e049a549b933e9afc541000) Importer(815301076,1909f56bfc062723c751e8b465ee728b)
Start importing Assets/Art/PokemonSprites/gen_8_pokemon_sprites_by_leparagon_dd8o3yy.png using Guid(93c42a672e049a549b933e9afc541000) Importer(815301076,1909f56bfc062723c751e8b465ee728b)  -> (artifact id: 'b335e3a0ddb25cff15d5413d6f77fccb') in 0.036886 seconds 
========================================================================
Received Import Request.
  Time since last request: 16.765368 seconds.
  path: Assets/Art/PokemonSprites/gen_8_pokemon_sprites_by_leparagon_dd8o3yy.png
  artifactKey: Guid(93c42a672e049a549b933e9afc541000) Importer(815301076,1909f56bfc062723c751e8b465ee728b)
Start importing Assets/Art/PokemonSprites/gen_8_pokemon_sprites_by_leparagon_dd8o3yy.png using Guid(93c42a672e049a549b933e9afc541000) Importer(815301076,1909f56bfc062723c751e8b465ee728b)  -> (artifact id: 'f9cdee317e49cde4c93b66da82b17a8c') in 0.037492 seconds 
========================================================================
Received Import Request.
  Time since last request: 43.929051 seconds.
  path: Assets/Art/PokemonSprites/gen_8_pokemon_sprites_by_leparagon_dd8o3yy.png
  artifactKey: Guid(93c42a672e049a549b933e9afc541000) Importer(815301076,1909f56bfc062723c751e8b465ee728b)
Start importing Assets/Art/PokemonSprites/gen_8_pokemon_sprites_by_leparagon_dd8o3yy.png using Guid(93c42a672e049a549b933e9afc541000) Importer(815301076,1909f56bfc062723c751e8b465ee728b)  -> (artifact id: '6fb1c2ebd212db151b81558313f5cb93') in 0.442262 seconds 
========================================================================
Received Import Request.
  Time since last request: 49.562416 seconds.
  path: Assets/Art/PokemonSprites/gen_8_pokemon_sprites_by_leparagon_dd8o3yy.png
  artifactKey: Guid(93c42a672e049a549b933e9afc541000) Importer(815301076,1909f56bfc062723c751e8b465ee728b)
Start importing Assets/Art/PokemonSprites/gen_8_pokemon_sprites_by_leparagon_dd8o3yy.png using Guid(93c42a672e049a549b933e9afc541000) Importer(815301076,1909f56bfc062723c751e8b465ee728b)  -> (artifact id: '330aa6754bed6fe60683982d994f4377') in 0.375295 seconds 
========================================================================
Received Import Request.
  Time since last request: 58.727820 seconds.
  path: Assets/Art/PokemonSprites/gen8fronts.png
  artifactKey: Guid(93c42a672e049a549b933e9afc541000) Importer(815301076,1909f56bfc062723c751e8b465ee728b)
Start importing Assets/Art/PokemonSprites/gen8fronts.png using Guid(93c42a672e049a549b933e9afc541000) Importer(815301076,1909f56bfc062723c751e8b465ee728b)  -> (artifact id: '521ba4c1421ff823c80aa1e3f3287f9f') in 0.434577 seconds 
========================================================================
Received Import Request.
  Time since last request: 30.291114 seconds.
  path: Assets/Art/PokemonSprites/gen8boxsprites.png
  artifactKey: Guid(c8ff41c8e2a83764abb9292cb4a3cbdb) Importer(815301076,1909f56bfc062723c751e8b465ee728b)
Start importing Assets/Art/PokemonSprites/gen8boxsprites.png using Guid(c8ff41c8e2a83764abb9292cb4a3cbdb) Importer(815301076,1909f56bfc062723c751e8b465ee728b)  -> (artifact id: 'be352f17230577b9acd82c634cd51c00') in 0.019491 seconds 
========================================================================
Received Import Request.
  Time since last request: 8.525354 seconds.
  path: Assets/Art/PokemonSprites/gen8boxsprites.png
  artifactKey: Guid(c8ff41c8e2a83764abb9292cb4a3cbdb) Importer(815301076,1909f56bfc062723c751e8b465ee728b)
Start importing Assets/Art/PokemonSprites/gen8boxsprites.png using Guid(c8ff41c8e2a83764abb9292cb4a3cbdb) Importer(815301076,1909f56bfc062723c751e8b465ee728b)  -> (artifact id: 'bd352e357b986b268e2003d36984cf7c') in 0.015237 seconds 
========================================================================
Received Import Request.
  Time since last request: 302.188336 seconds.
  path: Assets/Art/PokemonSprites/gen8boxsprites.png
  artifactKey: Guid(c8ff41c8e2a83764abb9292cb4a3cbdb) Importer(815301076,1909f56bfc062723c751e8b465ee728b)
Start importing Assets/Art/PokemonSprites/gen8boxsprites.png using Guid(c8ff41c8e2a83764abb9292cb4a3cbdb) Importer(815301076,1909f56bfc062723c751e8b465ee728b)  -> (artifact id: '79760636f2fa48350afca857072166f1') in 0.344014 seconds 
========================================================================
Received Import Request.
  Time since last request: 334.215295 seconds.
  path: Assets/Art/PokemonSprites/gen7withoutgreen.png
  artifactKey: Guid(9c777fe4d55e1464db4aa1aa69f723a5) Importer(815301076,1909f56bfc062723c751e8b465ee728b)
Start importing Assets/Art/PokemonSprites/gen7withoutgreen.png using Guid(9c777fe4d55e1464db4aa1aa69f723a5) Importer(815301076,1909f56bfc062723c751e8b465ee728b)  -> (artifact id: '04390b2ea4a5832f30c54d0ec2f1b401') in 0.031241 seconds 
========================================================================
Received Import Request.
  Time since last request: 1.184723 seconds.
  path: Assets/Art/PokemonSprites/gen8withoutgreen.png
  artifactKey: Guid(5064e532ac9ac5842a8143eba02d86c8) Importer(815301076,1909f56bfc062723c751e8b465ee728b)
Start importing Assets/Art/PokemonSprites/gen8withoutgreen.png using Guid(5064e532ac9ac5842a8143eba02d86c8) Importer(815301076,1909f56bfc062723c751e8b465ee728b)  -> (artifact id: '8f996c95fe621e00232caa0253f55040') in 0.034228 seconds 
========================================================================
Received Import Request.
  Time since last request: 17.730818 seconds.
  path: Assets/Art/PokemonSprites/gen8withoutgreen.png
  artifactKey: Guid(5064e532ac9ac5842a8143eba02d86c8) Importer(815301076,1909f56bfc062723c751e8b465ee728b)
Start importing Assets/Art/PokemonSprites/gen8withoutgreen.png using Guid(5064e532ac9ac5842a8143eba02d86c8) Importer(815301076,1909f56bfc062723c751e8b465ee728b)  -> (artifact id: '8adca3668f07f07333177b8548061ecd') in 0.046680 seconds 
========================================================================
Received Import Request.
  Time since last request: 290.437388 seconds.
  path: Assets/Art/PokemonSprites/gen8withoutgreen.png
  artifactKey: Guid(5064e532ac9ac5842a8143eba02d86c8) Importer(815301076,1909f56bfc062723c751e8b465ee728b)
Start importing Assets/Art/PokemonSprites/gen8withoutgreen.png using Guid(5064e532ac9ac5842a8143eba02d86c8) Importer(815301076,1909f56bfc062723c751e8b465ee728b)  -> (artifact id: '53ed3a48697f75bc7a62247ac9e57e0f') in 1.555228 seconds 
========================================================================
Received Import Request.
  Time since last request: 0.000258 seconds.
  path: Assets/Art/PokemonSprites/gen8withoutgreen.png
  artifactKey: Guid(5064e532ac9ac5842a8143eba02d86c8) Importer(815301076,1909f56bfc062723c751e8b465ee728b)
Start importing Assets/Art/PokemonSprites/gen8withoutgreen.png using Guid(5064e532ac9ac5842a8143eba02d86c8) Importer(815301076,1909f56bfc062723c751e8b465ee728b)  -> (artifact id: '53ed3a48697f75bc7a62247ac9e57e0f') in 1.209692 seconds 
========================================================================
Received Import Request.
  Time since last request: 91.992529 seconds.
  path: Assets/Art/PokemonSprites/gen8withoutgreen.png
  artifactKey: Guid(5064e532ac9ac5842a8143eba02d86c8) Importer(815301076,1909f56bfc062723c751e8b465ee728b)
Start importing Assets/Art/PokemonSprites/gen8withoutgreen.png using Guid(5064e532ac9ac5842a8143eba02d86c8) Importer(815301076,1909f56bfc062723c751e8b465ee728b)  -> (artifact id: 'def756384a03ed333c210fd14662a514') in 1.278172 seconds 
========================================================================
Received Import Request.
  Time since last request: 272.251394 seconds.
  path: Assets/Art/PokemonSprites/gen8withoutgreen.png
  artifactKey: Guid(5064e532ac9ac5842a8143eba02d86c8) Importer(815301076,1909f56bfc062723c751e8b465ee728b)
Start importing Assets/Art/PokemonSprites/gen8withoutgreen.png using Guid(5064e532ac9ac5842a8143eba02d86c8) Importer(815301076,1909f56bfc062723c751e8b465ee728b)  -> (artifact id: 'fc9e36971186db87f388bd4d5d110c04') in 0.032750 seconds 
========================================================================
Received Import Request.
  Time since last request: 40.636946 seconds.
  path: Assets/Art/PokemonSprites/gen8withoutgreen.png
  artifactKey: Guid(5064e532ac9ac5842a8143eba02d86c8) Importer(815301076,1909f56bfc062723c751e8b465ee728b)
Start importing Assets/Art/PokemonSprites/gen8withoutgreen.png using Guid(5064e532ac9ac5842a8143eba02d86c8) Importer(815301076,1909f56bfc062723c751e8b465ee728b)  -> (artifact id: '3f963be0cfc36f32c8ca8770503b3f5d') in 0.023031 seconds 
========================================================================
Received Import Request.
  Time since last request: 33.754207 seconds.
  path: Assets/Art/PokemonSprites/gen8withoutgreen.png
  artifactKey: Guid(5064e532ac9ac5842a8143eba02d86c8) Importer(815301076,1909f56bfc062723c751e8b465ee728b)
Start importing Assets/Art/PokemonSprites/gen8withoutgreen.png using Guid(5064e532ac9ac5842a8143eba02d86c8) Importer(815301076,1909f56bfc062723c751e8b465ee728b)  -> (artifact id: '3597b6affabba8634ee669b0aec00bc9') in 1.338955 seconds 
========================================================================
Received Import Request.
  Time since last request: 154.302839 seconds.
  path: Assets/Art/PokemonSprites/gen8withoutgreen.png
  artifactKey: Guid(5064e532ac9ac5842a8143eba02d86c8) Importer(815301076,1909f56bfc062723c751e8b465ee728b)
Start importing Assets/Art/PokemonSprites/gen8withoutgreen.png using Guid(5064e532ac9ac5842a8143eba02d86c8) Importer(815301076,1909f56bfc062723c751e8b465ee728b)  -> (artifact id: '474f7500dacd544c400cb89d4d494954') in 1.348787 seconds 
========================================================================
Received Import Request.
  Time since last request: 67.629177 seconds.
  path: Assets/Art/PokemonSprites/gen8withoutgreen.png
  artifactKey: Guid(5064e532ac9ac5842a8143eba02d86c8) Importer(815301076,1909f56bfc062723c751e8b465ee728b)
Start importing Assets/Art/PokemonSprites/gen8withoutgreen.png using Guid(5064e532ac9ac5842a8143eba02d86c8) Importer(815301076,1909f56bfc062723c751e8b465ee728b)  -> (artifact id: '4f557d4ee66875c1b5267427a99db6e1') in 1.356191 seconds 
========================================================================
Received Import Request.
  Time since last request: 60.116297 seconds.
  path: Assets/Art/PokemonSprites/gen8withoutgreen.png
  artifactKey: Guid(5064e532ac9ac5842a8143eba02d86c8) Importer(815301076,1909f56bfc062723c751e8b465ee728b)
Start importing Assets/Art/PokemonSprites/gen8withoutgreen.png using Guid(5064e532ac9ac5842a8143eba02d86c8) Importer(815301076,1909f56bfc062723c751e8b465ee728b)  -> (artifact id: '74ff842acc07d9224b7c547951f634d4') in 1.453774 seconds 
========================================================================
Received Import Request.
  Time since last request: 758.651604 seconds.
  path: Assets/Art/PokemonSprites/Backs/gen8withoutgreen.png
  artifactKey: Guid(5064e532ac9ac5842a8143eba02d86c8) Importer(815301076,1909f56bfc062723c751e8b465ee728b)
Start importing Assets/Art/PokemonSprites/Backs/gen8withoutgreen.png using Guid(5064e532ac9ac5842a8143eba02d86c8) Importer(815301076,1909f56bfc062723c751e8b465ee728b)  -> (artifact id: 'd5cf9e457ee6c8c4da2b5cc6cd4a8868') in 1.353696 seconds 
========================================================================
Received Import Request.
  Time since last request: 48.902888 seconds.
  path: Assets/Game/Resources/Pokemon/Rookidee.asset
  artifactKey: Guid(863994686f178e341a0ef514d41cd3c3) Importer(815301076,1909f56bfc062723c751e8b465ee728b)
Start importing Assets/Game/Resources/Pokemon/Rookidee.asset using Guid(863994686f178e341a0ef514d41cd3c3) Importer(815301076,1909f56bfc062723c751e8b465ee728b)  -> (artifact id: '9bd2a2691f2a64c892e5d5d21fd4ca6b') in 0.011374 seconds 
========================================================================
Received Import Request.
  Time since last request: 11.494274 seconds.
  path: Assets/Game/Resources/Pokemon/Pokemon.asset
  artifactKey: Guid(8914877858be3144f9896e1d09ffa347) Importer(815301076,1909f56bfc062723c751e8b465ee728b)
Start importing Assets/Game/Resources/Pokemon/Pokemon.asset using Guid(8914877858be3144f9896e1d09ffa347) Importer(815301076,1909f56bfc062723c751e8b465ee728b)  -> (artifact id: 'b99d332fd86033e24a3704064ce34a97') in 0.003549 seconds 
========================================================================
Received Import Request.
  Time since last request: 20.065915 seconds.
  path: Assets/Game/Resources/Pokemon/Corvisquire.asset
  artifactKey: Guid(8914877858be3144f9896e1d09ffa347) Importer(815301076,1909f56bfc062723c751e8b465ee728b)
Start importing Assets/Game/Resources/Pokemon/Corvisquire.asset using Guid(8914877858be3144f9896e1d09ffa347) Importer(815301076,1909f56bfc062723c751e8b465ee728b)  -> (artifact id: '02c368ce338b9b222d32836628298c35') in 0.008644 seconds 
========================================================================
Received Import Request.
  Time since last request: 55.798209 seconds.
  path: Assets/Game/Resources/Pokemon/Corvisquire.asset
  artifactKey: Guid(8914877858be3144f9896e1d09ffa347) Importer(815301076,1909f56bfc062723c751e8b465ee728b)
Start importing Assets/Game/Resources/Pokemon/Corvisquire.asset using Guid(8914877858be3144f9896e1d09ffa347) Importer(815301076,1909f56bfc062723c751e8b465ee728b)  -> (artifact id: '801f662660c59d8a1d61fe41df6e849f') in 0.004694 seconds 
========================================================================
Received Import Request.
  Time since last request: 6.175175 seconds.
  path: Assets/Game/Resources/Pokemon/Pokemon.asset
  artifactKey: Guid(b9289105be1622f45b63061645fdc140) Importer(815301076,1909f56bfc062723c751e8b465ee728b)
Start importing Assets/Game/Resources/Pokemon/Pokemon.asset using Guid(b9289105be1622f45b63061645fdc140) Importer(815301076,1909f56bfc062723c751e8b465ee728b)  -> (artifact id: '663b048be68b281ee477902aa21f881c') in 0.003895 seconds 
========================================================================
Received Import Request.
  Time since last request: 10.901727 seconds.
  path: Assets/Game/Resources/Pokemon/Corviknight.asset
  artifactKey: Guid(b9289105be1622f45b63061645fdc140) Importer(815301076,1909f56bfc062723c751e8b465ee728b)
Start importing Assets/Game/Resources/Pokemon/Corviknight.asset using Guid(b9289105be1622f45b63061645fdc140) Importer(815301076,1909f56bfc062723c751e8b465ee728b)  -> (artifact id: '84ed4430c2ee02fac92ea98191ddb728') in 0.008758 seconds 
========================================================================
Received Import Request.
  Time since last request: 46.079495 seconds.
  path: Assets/Game/Resources/Pokemon/Corviknight.asset
  artifactKey: Guid(b9289105be1622f45b63061645fdc140) Importer(815301076,1909f56bfc062723c751e8b465ee728b)
Start importing Assets/Game/Resources/Pokemon/Corviknight.asset using Guid(b9289105be1622f45b63061645fdc140) Importer(815301076,1909f56bfc062723c751e8b465ee728b)  -> (artifact id: '0862ebab63395c9fbfeb94b9869122d7') in 0.004701 seconds 
========================================================================
Received Import Request.
  Time since last request: 53.082606 seconds.
  path: Assets/Game/Resources/Pokemon/Pokemon.asset
  artifactKey: Guid(50308779ac090514eaba47a732bbaaa4) Importer(815301076,1909f56bfc062723c751e8b465ee728b)
Start importing Assets/Game/Resources/Pokemon/Pokemon.asset using Guid(50308779ac090514eaba47a732bbaaa4) Importer(815301076,1909f56bfc062723c751e8b465ee728b)  -> (artifact id: '17bf67ad2d83a731a047acb295fe1a05') in 0.003649 seconds 
========================================================================
Received Import Request.
  Time since last request: 49.997885 seconds.
  path: Assets/Game/Resources/Pokemon/Pokemon.asset
  artifactKey: Guid(50308779ac090514eaba47a732bbaaa4) Importer(815301076,1909f56bfc062723c751e8b465ee728b)
Start importing Assets/Game/Resources/Pokemon/Pokemon.asset using Guid(50308779ac090514eaba47a732bbaaa4) Importer(815301076,1909f56bfc062723c751e8b465ee728b)  -> (artifact id: '6c7eab2cae5b8c7bee6205d2127cdbdc') in 0.003832 seconds 
========================================================================
Received Import Request.
  Time since last request: 30.699066 seconds.
  path: Assets/Game/Resources/Pokemon/Impidimp.asset
  artifactKey: Guid(50308779ac090514eaba47a732bbaaa4) Importer(815301076,1909f56bfc062723c751e8b465ee728b)
Start importing Assets/Game/Resources/Pokemon/Impidimp.asset using Guid(50308779ac090514eaba47a732bbaaa4) Importer(815301076,1909f56bfc062723c751e8b465ee728b)  -> (artifact id: '54cb2d8eb2fc30d14cbcb7a44974c26b') in 0.010138 seconds 
========================================================================
Received Import Request.
  Time since last request: 17.536154 seconds.
  path: Assets/Game/Resources/Pokemon/Impidimp.asset
  artifactKey: Guid(50308779ac090514eaba47a732bbaaa4) Importer(815301076,1909f56bfc062723c751e8b465ee728b)
Start importing Assets/Game/Resources/Pokemon/Impidimp.asset using Guid(50308779ac090514eaba47a732bbaaa4) Importer(815301076,1909f56bfc062723c751e8b465ee728b)  -> (artifact id: '2f50014a3c6ef5766b7889d61b82205c') in 0.003872 seconds 
========================================================================
Received Import Request.
  Time since last request: 115.656361 seconds.
  path: Assets/Art/PokemonSprites/Backs/gen8withoutgreen.png
  artifactKey: Guid(5064e532ac9ac5842a8143eba02d86c8) Importer(815301076,1909f56bfc062723c751e8b465ee728b)
Start importing Assets/Art/PokemonSprites/Backs/gen8withoutgreen.png using Guid(5064e532ac9ac5842a8143eba02d86c8) Importer(815301076,1909f56bfc062723c751e8b465ee728b)  -> (artifact id: '7e261aa040d45c48bf4b22d0aee409cb') in 1.317623 seconds 
========================================================================
Received Import Request.
  Time since last request: 96.143031 seconds.
  path: Assets/Game/Resources/Pokemon/Pokemon.asset
  artifactKey: Guid(bcccb6fdde74a784786c1d995fab3650) Importer(815301076,1909f56bfc062723c751e8b465ee728b)
Start importing Assets/Game/Resources/Pokemon/Pokemon.asset using Guid(bcccb6fdde74a784786c1d995fab3650) Importer(815301076,1909f56bfc062723c751e8b465ee728b)  -> (artifact id: '8ff252dda6aa32ec9fdaa5c4e7e0830c') in 0.003954 seconds 
========================================================================
Received Import Request.
  Time since last request: 67.389273 seconds.
  path: Assets/Game/Resources/Pokemon/Morgrem.asset
  artifactKey: Guid(bcccb6fdde74a784786c1d995fab3650) Importer(815301076,1909f56bfc062723c751e8b465ee728b)
Start importing Assets/Game/Resources/Pokemon/Morgrem.asset using Guid(bcccb6fdde74a784786c1d995fab3650) Importer(815301076,1909f56bfc062723c751e8b465ee728b)  -> (artifact id: '379c55edce137881571d01cf7156a217') in 0.009694 seconds 
========================================================================
Received Import Request.
  Time since last request: 11.673434 seconds.
  path: Assets/Game/Resources/Pokemon/Grimmsnarl.asset
  artifactKey: Guid(68bded3e04cfb2a4b83d9a71e6c3215f) Importer(815301076,1909f56bfc062723c751e8b465ee728b)
Start importing Assets/Game/Resources/Pokemon/Grimmsnarl.asset using Guid(68bded3e04cfb2a4b83d9a71e6c3215f) Importer(815301076,1909f56bfc062723c751e8b465ee728b)  -> (artifact id: '318688b5ce101aa0ad03400cd0705b8d') in 0.008443 seconds 
========================================================================
Received Import Request.
  Time since last request: 49.788910 seconds.
  path: Assets/Game/Resources/Pokemon/Grimmsnarl.asset
  artifactKey: Guid(68bded3e04cfb2a4b83d9a71e6c3215f) Importer(815301076,1909f56bfc062723c751e8b465ee728b)
Start importing Assets/Game/Resources/Pokemon/Grimmsnarl.asset using Guid(68bded3e04cfb2a4b83d9a71e6c3215f) Importer(815301076,1909f56bfc062723c751e8b465ee728b)  -> (artifact id: 'bef1b451b91104bc15244e0c02eb1f90') in 0.004655 seconds 
========================================================================
Received Import Request.
  Time since last request: 86.491131 seconds.
  path: Assets/Game/Resources/Pokemon/Toxel.asset
  artifactKey: Guid(f3a2488ddbd81394bbd741d67dc34af5) Importer(815301076,1909f56bfc062723c751e8b465ee728b)
Start importing Assets/Game/Resources/Pokemon/Toxel.asset using Guid(f3a2488ddbd81394bbd741d67dc34af5) Importer(815301076,1909f56bfc062723c751e8b465ee728b)  -> (artifact id: 'b65b4e86738481ff75fc4116fbf55234') in 0.008530 seconds 
========================================================================
Received Import Request.
  Time since last request: 57.453840 seconds.
  path: Assets/Game/Resources/Pokemon/Toxtricity.asset
  artifactKey: Guid(ac84213485cb6c04da5d64da32f8980d) Importer(815301076,1909f56bfc062723c751e8b465ee728b)
Start importing Assets/Game/Resources/Pokemon/Toxtricity.asset using Guid(ac84213485cb6c04da5d64da32f8980d) Importer(815301076,1909f56bfc062723c751e8b465ee728b)  -> (artifact id: 'b8abda458f65e41931c3ead57e9aea27') in 0.009550 seconds 
========================================================================
Received Import Request.
  Time since last request: 102.825147 seconds.
  path: Assets/Game/Resources/Pokemon/Toxtricity.asset
  artifactKey: Guid(ac84213485cb6c04da5d64da32f8980d) Importer(815301076,1909f56bfc062723c751e8b465ee728b)
Start importing Assets/Game/Resources/Pokemon/Toxtricity.asset using Guid(ac84213485cb6c04da5d64da32f8980d) Importer(815301076,1909f56bfc062723c751e8b465ee728b)  -> (artifact id: 'b596d2a360dc390c58493e7f544ac554') in 0.004464 seconds 
========================================================================
Received Import Request.
  Time since last request: 34.048081 seconds.
  path: Assets/Game/Resources/Pokemon/Toxel.asset
  artifactKey: Guid(f3a2488ddbd81394bbd741d67dc34af5) Importer(815301076,1909f56bfc062723c751e8b465ee728b)
Start importing Assets/Game/Resources/Pokemon/Toxel.asset using Guid(f3a2488ddbd81394bbd741d67dc34af5) Importer(815301076,1909f56bfc062723c751e8b465ee728b)  -> (artifact id: '3647a2e3cb4d654bb84146b322fc90bb') in 0.009384 seconds 
========================================================================
Received Import Request.
  Time since last request: 4.836323 seconds.
  path: Assets/Game/Resources/Pokemon/Toxel.asset
  artifactKey: Guid(f3a2488ddbd81394bbd741d67dc34af5) Importer(815301076,1909f56bfc062723c751e8b465ee728b)
Start importing Assets/Game/Resources/Pokemon/Toxel.asset using Guid(f3a2488ddbd81394bbd741d67dc34af5) Importer(815301076,1909f56bfc062723c751e8b465ee728b)  -> (artifact id: '943eff1420030adf71aa452cdd219b78') in 0.003936 seconds 
AssetImportWorkerClient::OnTransportError - code=2 error=End of file
